[2025-06-10 18:07:11] local.ERROR: SQLSTATE[HY000]: General error: 1005 Can't create table `hrdb`.`leave_requests` (errno: 150 "Foreign key constraint is incorrectly formed") (Connection: mysql, SQL: alter table `leave_requests` add constraint `leave_requests_hr_worker_id_foreign` foreign key (`hr_worker_id`) references `users` (`id`) on delete set null) {"exception":"[object] (Illuminate\\Database\\QueryException(code: HY000): SQLSTATE[HY000]: General error: 1005 Can't create table `hrdb`.`leave_requests` (errno: 150 \"Foreign key constraint is incorrectly formed\") (Connection: mysql, SQL: alter table `leave_requests` add constraint `leave_requests_hr_worker_id_foreign` foreign key (`hr_worker_id`) references `users` (`id`) on delete set null) at C:\\Users\\Dell\\Desktop\\prvi domaci HR Dejana\\internet-tehnologije-2024-projekat-hrapp_2021_0294_2021_0036\\hr-app\\vendor\\laravel\\framework\\src\\Illuminate\\Database\\Connection.php:822)
[stacktrace]
#0 C:\\Users\\Dell\\Desktop\\prvi domaci HR Dejana\\internet-tehnologije-2024-projekat-hrapp_2021_0294_2021_0036\\hr-app\\vendor\\laravel\\framework\\src\\Illuminate\\Database\\Connection.php(776): Illuminate\\Database\\Connection->runQueryCallback('alter table `le...', Array, Object(Closure))
#1 C:\\Users\\Dell\\Desktop\\prvi domaci HR Dejana\\internet-tehnologije-2024-projekat-hrapp_2021_0294_2021_0036\\hr-app\\vendor\\laravel\\framework\\src\\Illuminate\\Database\\Connection.php(557): Illuminate\\Database\\Connection->run('alter table `le...', Array, Object(Closure))
#2 C:\\Users\\Dell\\Desktop\\prvi domaci HR Dejana\\internet-tehnologije-2024-projekat-hrapp_2021_0294_2021_0036\\hr-app\\vendor\\laravel\\framework\\src\\Illuminate\\Database\\Schema\\Blueprint.php(119): Illuminate\\Database\\Connection->statement('alter table `le...')
#3 C:\\Users\\Dell\\Desktop\\prvi domaci HR Dejana\\internet-tehnologije-2024-projekat-hrapp_2021_0294_2021_0036\\hr-app\\vendor\\laravel\\framework\\src\\Illuminate\\Database\\Schema\\Builder.php(618): Illuminate\\Database\\Schema\\Blueprint->build()
#4 C:\\Users\\Dell\\Desktop\\prvi domaci HR Dejana\\internet-tehnologije-2024-projekat-hrapp_2021_0294_2021_0036\\hr-app\\vendor\\laravel\\framework\\src\\Illuminate\\Database\\Schema\\Builder.php(460): Illuminate\\Database\\Schema\\Builder->build(Object(Illuminate\\Database\\Schema\\Blueprint))
#5 C:\\Users\\Dell\\Desktop\\prvi domaci HR Dejana\\internet-tehnologije-2024-projekat-hrapp_2021_0294_2021_0036\\hr-app\\vendor\\laravel\\framework\\src\\Illuminate\\Support\\Facades\\Facade.php(361): Illuminate\\Database\\Schema\\Builder->table('leave_requests', Object(Closure))
#6 C:\\Users\\Dell\\Desktop\\prvi domaci HR Dejana\\internet-tehnologije-2024-projekat-hrapp_2021_0294_2021_0036\\hr-app\\database\\migrations\\2025_06_10_180022_add_foreign_keys_to_hr_tables.php(25): Illuminate\\Support\\Facades\\Facade::__callStatic('table', Array)
#7 C:\\Users\\Dell\\Desktop\\prvi domaci HR Dejana\\internet-tehnologije-2024-projekat-hrapp_2021_0294_2021_0036\\hr-app\\vendor\\laravel\\framework\\src\\Illuminate\\Database\\Migrations\\Migrator.php(514): Illuminate\\Database\\Migrations\\Migration@anonymous->up()
#8 C:\\Users\\Dell\\Desktop\\prvi domaci HR Dejana\\internet-tehnologije-2024-projekat-hrapp_2021_0294_2021_0036\\hr-app\\vendor\\laravel\\framework\\src\\Illuminate\\Database\\Migrations\\Migrator.php(439): Illuminate\\Database\\Migrations\\Migrator->runMethod(Object(Illuminate\\Database\\MySqlConnection), Object(Illuminate\\Database\\Migrations\\Migration@anonymous), 'up')
#9 C:\\Users\\Dell\\Desktop\\prvi domaci HR Dejana\\internet-tehnologije-2024-projekat-hrapp_2021_0294_2021_0036\\hr-app\\vendor\\laravel\\framework\\src\\Illuminate\\Database\\Migrations\\Migrator.php(448): Illuminate\\Database\\Migrations\\Migrator->Illuminate\\Database\\Migrations\\{closure}()
#10 C:\\Users\\Dell\\Desktop\\prvi domaci HR Dejana\\internet-tehnologije-2024-projekat-hrapp_2021_0294_2021_0036\\hr-app\\vendor\\laravel\\framework\\src\\Illuminate\\Database\\Migrations\\Migrator.php(250): Illuminate\\Database\\Migrations\\Migrator->runMigration(Object(Illuminate\\Database\\Migrations\\Migration@anonymous), 'up')
#11 C:\\Users\\Dell\\Desktop\\prvi domaci HR Dejana\\internet-tehnologije-2024-projekat-hrapp_2021_0294_2021_0036\\hr-app\\vendor\\laravel\\framework\\src\\Illuminate\\Console\\View\\Components\\Task.php(41): Illuminate\\Database\\Migrations\\Migrator->Illuminate\\Database\\Migrations\\{closure}()
#12 C:\\Users\\Dell\\Desktop\\prvi domaci HR Dejana\\internet-tehnologije-2024-projekat-hrapp_2021_0294_2021_0036\\hr-app\\vendor\\laravel\\framework\\src\\Illuminate\\Database\\Migrations\\Migrator.php(805): Illuminate\\Console\\View\\Components\\Task->render('2025_06_10_1800...', Object(Closure))
#13 C:\\Users\\Dell\\Desktop\\prvi domaci HR Dejana\\internet-tehnologije-2024-projekat-hrapp_2021_0294_2021_0036\\hr-app\\vendor\\laravel\\framework\\src\\Illuminate\\Database\\Migrations\\Migrator.php(250): Illuminate\\Database\\Migrations\\Migrator->write('Illuminate\\\\Cons...', '2025_06_10_1800...', Object(Closure))
#14 C:\\Users\\Dell\\Desktop\\prvi domaci HR Dejana\\internet-tehnologije-2024-projekat-hrapp_2021_0294_2021_0036\\hr-app\\vendor\\laravel\\framework\\src\\Illuminate\\Database\\Migrations\\Migrator.php(210): Illuminate\\Database\\Migrations\\Migrator->runUp('C:\\\\Users\\\\Dell\\\\D...', 1, false)
#15 C:\\Users\\Dell\\Desktop\\prvi domaci HR Dejana\\internet-tehnologije-2024-projekat-hrapp_2021_0294_2021_0036\\hr-app\\vendor\\laravel\\framework\\src\\Illuminate\\Database\\Migrations\\Migrator.php(137): Illuminate\\Database\\Migrations\\Migrator->runPending(Array, Array)
#16 C:\\Users\\Dell\\Desktop\\prvi domaci HR Dejana\\internet-tehnologije-2024-projekat-hrapp_2021_0294_2021_0036\\hr-app\\vendor\\laravel\\framework\\src\\Illuminate\\Database\\Console\\Migrations\\MigrateCommand.php(116): Illuminate\\Database\\Migrations\\Migrator->run(Array, Array)
#17 C:\\Users\\Dell\\Desktop\\prvi domaci HR Dejana\\internet-tehnologije-2024-projekat-hrapp_2021_0294_2021_0036\\hr-app\\vendor\\laravel\\framework\\src\\Illuminate\\Database\\Migrations\\Migrator.php(665): Illuminate\\Database\\Console\\Migrations\\MigrateCommand->Illuminate\\Database\\Console\\Migrations\\{closure}()
#18 C:\\Users\\Dell\\Desktop\\prvi domaci HR Dejana\\internet-tehnologije-2024-projekat-hrapp_2021_0294_2021_0036\\hr-app\\vendor\\laravel\\framework\\src\\Illuminate\\Database\\Console\\Migrations\\MigrateCommand.php(109): Illuminate\\Database\\Migrations\\Migrator->usingConnection(NULL, Object(Closure))
#19 C:\\Users\\Dell\\Desktop\\prvi domaci HR Dejana\\internet-tehnologije-2024-projekat-hrapp_2021_0294_2021_0036\\hr-app\\vendor\\laravel\\framework\\src\\Illuminate\\Database\\Console\\Migrations\\MigrateCommand.php(88): Illuminate\\Database\\Console\\Migrations\\MigrateCommand->runMigrations()
#20 C:\\Users\\Dell\\Desktop\\prvi domaci HR Dejana\\internet-tehnologije-2024-projekat-hrapp_2021_0294_2021_0036\\hr-app\\vendor\\laravel\\framework\\src\\Illuminate\\Container\\BoundMethod.php(36): Illuminate\\Database\\Console\\Migrations\\MigrateCommand->handle()
#21 C:\\Users\\Dell\\Desktop\\prvi domaci HR Dejana\\internet-tehnologije-2024-projekat-hrapp_2021_0294_2021_0036\\hr-app\\vendor\\laravel\\framework\\src\\Illuminate\\Container\\Util.php(43): Illuminate\\Container\\BoundMethod::Illuminate\\Container\\{closure}()
#22 C:\\Users\\Dell\\Desktop\\prvi domaci HR Dejana\\internet-tehnologije-2024-projekat-hrapp_2021_0294_2021_0036\\hr-app\\vendor\\laravel\\framework\\src\\Illuminate\\Container\\BoundMethod.php(96): Illuminate\\Container\\Util::unwrapIfClosure(Object(Closure))
#23 C:\\Users\\Dell\\Desktop\\prvi domaci HR Dejana\\internet-tehnologije-2024-projekat-hrapp_2021_0294_2021_0036\\hr-app\\vendor\\laravel\\framework\\src\\Illuminate\\Container\\BoundMethod.php(35): Illuminate\\Container\\BoundMethod::callBoundMethod(Object(Illuminate\\Foundation\\Application), Array, Object(Closure))
#24 C:\\Users\\Dell\\Desktop\\prvi domaci HR Dejana\\internet-tehnologije-2024-projekat-hrapp_2021_0294_2021_0036\\hr-app\\vendor\\laravel\\framework\\src\\Illuminate\\Container\\Container.php(754): Illuminate\\Container\\BoundMethod::call(Object(Illuminate\\Foundation\\Application), Array, Array, NULL)
#25 C:\\Users\\Dell\\Desktop\\prvi domaci HR Dejana\\internet-tehnologije-2024-projekat-hrapp_2021_0294_2021_0036\\hr-app\\vendor\\laravel\\framework\\src\\Illuminate\\Console\\Command.php(211): Illuminate\\Container\\Container->call(Array)
#26 C:\\Users\\Dell\\Desktop\\prvi domaci HR Dejana\\internet-tehnologije-2024-projekat-hrapp_2021_0294_2021_0036\\hr-app\\vendor\\symfony\\console\\Command\\Command.php(318): Illuminate\\Console\\Command->execute(Object(Symfony\\Component\\Console\\Input\\ArrayInput), Object(Illuminate\\Console\\OutputStyle))
#27 C:\\Users\\Dell\\Desktop\\prvi domaci HR Dejana\\internet-tehnologije-2024-projekat-hrapp_2021_0294_2021_0036\\hr-app\\vendor\\laravel\\framework\\src\\Illuminate\\Console\\Command.php(180): Symfony\\Component\\Console\\Command\\Command->run(Object(Symfony\\Component\\Console\\Input\\ArrayInput), Object(Illuminate\\Console\\OutputStyle))
#28 C:\\Users\\Dell\\Desktop\\prvi domaci HR Dejana\\internet-tehnologije-2024-projekat-hrapp_2021_0294_2021_0036\\hr-app\\vendor\\laravel\\framework\\src\\Illuminate\\Console\\Concerns\\CallsCommands.php(68): Illuminate\\Console\\Command->run(Object(Symfony\\Component\\Console\\Input\\ArrayInput), Object(Illuminate\\Console\\OutputStyle))
#29 C:\\Users\\Dell\\Desktop\\prvi domaci HR Dejana\\internet-tehnologije-2024-projekat-hrapp_2021_0294_2021_0036\\hr-app\\vendor\\laravel\\framework\\src\\Illuminate\\Console\\Concerns\\CallsCommands.php(29): Illuminate\\Console\\Command->runCommand('migrate', Array, Object(Illuminate\\Console\\OutputStyle))
#30 C:\\Users\\Dell\\Desktop\\prvi domaci HR Dejana\\internet-tehnologije-2024-projekat-hrapp_2021_0294_2021_0036\\hr-app\\vendor\\laravel\\framework\\src\\Illuminate\\Database\\Console\\Migrations\\FreshCommand.php(81): Illuminate\\Console\\Command->call('migrate', Array)
#31 C:\\Users\\Dell\\Desktop\\prvi domaci HR Dejana\\internet-tehnologije-2024-projekat-hrapp_2021_0294_2021_0036\\hr-app\\vendor\\laravel\\framework\\src\\Illuminate\\Container\\BoundMethod.php(36): Illuminate\\Database\\Console\\Migrations\\FreshCommand->handle()
#32 C:\\Users\\Dell\\Desktop\\prvi domaci HR Dejana\\internet-tehnologije-2024-projekat-hrapp_2021_0294_2021_0036\\hr-app\\vendor\\laravel\\framework\\src\\Illuminate\\Container\\Util.php(43): Illuminate\\Container\\BoundMethod::Illuminate\\Container\\{closure}()
#33 C:\\Users\\Dell\\Desktop\\prvi domaci HR Dejana\\internet-tehnologije-2024-projekat-hrapp_2021_0294_2021_0036\\hr-app\\vendor\\laravel\\framework\\src\\Illuminate\\Container\\BoundMethod.php(96): Illuminate\\Container\\Util::unwrapIfClosure(Object(Closure))
#34 C:\\Users\\Dell\\Desktop\\prvi domaci HR Dejana\\internet-tehnologije-2024-projekat-hrapp_2021_0294_2021_0036\\hr-app\\vendor\\laravel\\framework\\src\\Illuminate\\Container\\BoundMethod.php(35): Illuminate\\Container\\BoundMethod::callBoundMethod(Object(Illuminate\\Foundation\\Application), Array, Object(Closure))
#35 C:\\Users\\Dell\\Desktop\\prvi domaci HR Dejana\\internet-tehnologije-2024-projekat-hrapp_2021_0294_2021_0036\\hr-app\\vendor\\laravel\\framework\\src\\Illuminate\\Container\\Container.php(754): Illuminate\\Container\\BoundMethod::call(Object(Illuminate\\Foundation\\Application), Array, Array, NULL)
#36 C:\\Users\\Dell\\Desktop\\prvi domaci HR Dejana\\internet-tehnologije-2024-projekat-hrapp_2021_0294_2021_0036\\hr-app\\vendor\\laravel\\framework\\src\\Illuminate\\Console\\Command.php(211): Illuminate\\Container\\Container->call(Array)
#37 C:\\Users\\Dell\\Desktop\\prvi domaci HR Dejana\\internet-tehnologije-2024-projekat-hrapp_2021_0294_2021_0036\\hr-app\\vendor\\symfony\\console\\Command\\Command.php(318): Illuminate\\Console\\Command->execute(Object(Symfony\\Component\\Console\\Input\\ArgvInput), Object(Illuminate\\Console\\OutputStyle))
#38 C:\\Users\\Dell\\Desktop\\prvi domaci HR Dejana\\internet-tehnologije-2024-projekat-hrapp_2021_0294_2021_0036\\hr-app\\vendor\\laravel\\framework\\src\\Illuminate\\Console\\Command.php(180): Symfony\\Component\\Console\\Command\\Command->run(Object(Symfony\\Component\\Console\\Input\\ArgvInput), Object(Illuminate\\Console\\OutputStyle))
#39 C:\\Users\\Dell\\Desktop\\prvi domaci HR Dejana\\internet-tehnologije-2024-projekat-hrapp_2021_0294_2021_0036\\hr-app\\vendor\\symfony\\console\\Application.php(1092): Illuminate\\Console\\Command->run(Object(Symfony\\Component\\Console\\Input\\ArgvInput), Object(Symfony\\Component\\Console\\Output\\ConsoleOutput))
#40 C:\\Users\\Dell\\Desktop\\prvi domaci HR Dejana\\internet-tehnologije-2024-projekat-hrapp_2021_0294_2021_0036\\hr-app\\vendor\\symfony\\console\\Application.php(341): Symfony\\Component\\Console\\Application->doRunCommand(Object(Illuminate\\Database\\Console\\Migrations\\FreshCommand), Object(Symfony\\Component\\Console\\Input\\ArgvInput), Object(Symfony\\Component\\Console\\Output\\ConsoleOutput))
#41 C:\\Users\\Dell\\Desktop\\prvi domaci HR Dejana\\internet-tehnologije-2024-projekat-hrapp_2021_0294_2021_0036\\hr-app\\vendor\\symfony\\console\\Application.php(192): Symfony\\Component\\Console\\Application->doRun(Object(Symfony\\Component\\Console\\Input\\ArgvInput), Object(Symfony\\Component\\Console\\Output\\ConsoleOutput))
#42 C:\\Users\\Dell\\Desktop\\prvi domaci HR Dejana\\internet-tehnologije-2024-projekat-hrapp_2021_0294_2021_0036\\hr-app\\vendor\\laravel\\framework\\src\\Illuminate\\Foundation\\Console\\Kernel.php(197): Symfony\\Component\\Console\\Application->run(Object(Symfony\\Component\\Console\\Input\\ArgvInput), Object(Symfony\\Component\\Console\\Output\\ConsoleOutput))
#43 C:\\Users\\Dell\\Desktop\\prvi domaci HR Dejana\\internet-tehnologije-2024-projekat-hrapp_2021_0294_2021_0036\\hr-app\\vendor\\laravel\\framework\\src\\Illuminate\\Foundation\\Application.php(1234): Illuminate\\Foundation\\Console\\Kernel->handle(Object(Symfony\\Component\\Console\\Input\\ArgvInput), Object(Symfony\\Component\\Console\\Output\\ConsoleOutput))
#44 C:\\Users\\Dell\\Desktop\\prvi domaci HR Dejana\\internet-tehnologije-2024-projekat-hrapp_2021_0294_2021_0036\\hr-app\\artisan(16): Illuminate\\Foundation\\Application->handleCommand(Object(Symfony\\Component\\Console\\Input\\ArgvInput))
#45 {main}

[previous exception] [object] (PDOException(code: HY000): SQLSTATE[HY000]: General error: 1005 Can't create table `hrdb`.`leave_requests` (errno: 150 \"Foreign key constraint is incorrectly formed\") at C:\\Users\\Dell\\Desktop\\prvi domaci HR Dejana\\internet-tehnologije-2024-projekat-hrapp_2021_0294_2021_0036\\hr-app\\vendor\\laravel\\framework\\src\\Illuminate\\Database\\Connection.php:568)
[stacktrace]
#0 C:\\Users\\Dell\\Desktop\\prvi domaci HR Dejana\\internet-tehnologije-2024-projekat-hrapp_2021_0294_2021_0036\\hr-app\\vendor\\laravel\\framework\\src\\Illuminate\\Database\\Connection.php(568): PDOStatement->execute()
#1 C:\\Users\\Dell\\Desktop\\prvi domaci HR Dejana\\internet-tehnologije-2024-projekat-hrapp_2021_0294_2021_0036\\hr-app\\vendor\\laravel\\framework\\src\\Illuminate\\Database\\Connection.php(809): Illuminate\\Database\\Connection->Illuminate\\Database\\{closure}('alter table `le...', Array)
#2 C:\\Users\\Dell\\Desktop\\prvi domaci HR Dejana\\internet-tehnologije-2024-projekat-hrapp_2021_0294_2021_0036\\hr-app\\vendor\\laravel\\framework\\src\\Illuminate\\Database\\Connection.php(776): Illuminate\\Database\\Connection->runQueryCallback('alter table `le...', Array, Object(Closure))
#3 C:\\Users\\Dell\\Desktop\\prvi domaci HR Dejana\\internet-tehnologije-2024-projekat-hrapp_2021_0294_2021_0036\\hr-app\\vendor\\laravel\\framework\\src\\Illuminate\\Database\\Connection.php(557): Illuminate\\Database\\Connection->run('alter table `le...', Array, Object(Closure))
#4 C:\\Users\\Dell\\Desktop\\prvi domaci HR Dejana\\internet-tehnologije-2024-projekat-hrapp_2021_0294_2021_0036\\hr-app\\vendor\\laravel\\framework\\src\\Illuminate\\Database\\Schema\\Blueprint.php(119): Illuminate\\Database\\Connection->statement('alter table `le...')
#5 C:\\Users\\Dell\\Desktop\\prvi domaci HR Dejana\\internet-tehnologije-2024-projekat-hrapp_2021_0294_2021_0036\\hr-app\\vendor\\laravel\\framework\\src\\Illuminate\\Database\\Schema\\Builder.php(618): Illuminate\\Database\\Schema\\Blueprint->build()
#6 C:\\Users\\Dell\\Desktop\\prvi domaci HR Dejana\\internet-tehnologije-2024-projekat-hrapp_2021_0294_2021_0036\\hr-app\\vendor\\laravel\\framework\\src\\Illuminate\\Database\\Schema\\Builder.php(460): Illuminate\\Database\\Schema\\Builder->build(Object(Illuminate\\Database\\Schema\\Blueprint))
#7 C:\\Users\\Dell\\Desktop\\prvi domaci HR Dejana\\internet-tehnologije-2024-projekat-hrapp_2021_0294_2021_0036\\hr-app\\vendor\\laravel\\framework\\src\\Illuminate\\Support\\Facades\\Facade.php(361): Illuminate\\Database\\Schema\\Builder->table('leave_requests', Object(Closure))
#8 C:\\Users\\Dell\\Desktop\\prvi domaci HR Dejana\\internet-tehnologije-2024-projekat-hrapp_2021_0294_2021_0036\\hr-app\\database\\migrations\\2025_06_10_180022_add_foreign_keys_to_hr_tables.php(25): Illuminate\\Support\\Facades\\Facade::__callStatic('table', Array)
#9 C:\\Users\\Dell\\Desktop\\prvi domaci HR Dejana\\internet-tehnologije-2024-projekat-hrapp_2021_0294_2021_0036\\hr-app\\vendor\\laravel\\framework\\src\\Illuminate\\Database\\Migrations\\Migrator.php(514): Illuminate\\Database\\Migrations\\Migration@anonymous->up()
#10 C:\\Users\\Dell\\Desktop\\prvi domaci HR Dejana\\internet-tehnologije-2024-projekat-hrapp_2021_0294_2021_0036\\hr-app\\vendor\\laravel\\framework\\src\\Illuminate\\Database\\Migrations\\Migrator.php(439): Illuminate\\Database\\Migrations\\Migrator->runMethod(Object(Illuminate\\Database\\MySqlConnection), Object(Illuminate\\Database\\Migrations\\Migration@anonymous), 'up')
#11 C:\\Users\\Dell\\Desktop\\prvi domaci HR Dejana\\internet-tehnologije-2024-projekat-hrapp_2021_0294_2021_0036\\hr-app\\vendor\\laravel\\framework\\src\\Illuminate\\Database\\Migrations\\Migrator.php(448): Illuminate\\Database\\Migrations\\Migrator->Illuminate\\Database\\Migrations\\{closure}()
#12 C:\\Users\\Dell\\Desktop\\prvi domaci HR Dejana\\internet-tehnologije-2024-projekat-hrapp_2021_0294_2021_0036\\hr-app\\vendor\\laravel\\framework\\src\\Illuminate\\Database\\Migrations\\Migrator.php(250): Illuminate\\Database\\Migrations\\Migrator->runMigration(Object(Illuminate\\Database\\Migrations\\Migration@anonymous), 'up')
#13 C:\\Users\\Dell\\Desktop\\prvi domaci HR Dejana\\internet-tehnologije-2024-projekat-hrapp_2021_0294_2021_0036\\hr-app\\vendor\\laravel\\framework\\src\\Illuminate\\Console\\View\\Components\\Task.php(41): Illuminate\\Database\\Migrations\\Migrator->Illuminate\\Database\\Migrations\\{closure}()
#14 C:\\Users\\Dell\\Desktop\\prvi domaci HR Dejana\\internet-tehnologije-2024-projekat-hrapp_2021_0294_2021_0036\\hr-app\\vendor\\laravel\\framework\\src\\Illuminate\\Database\\Migrations\\Migrator.php(805): Illuminate\\Console\\View\\Components\\Task->render('2025_06_10_1800...', Object(Closure))
#15 C:\\Users\\Dell\\Desktop\\prvi domaci HR Dejana\\internet-tehnologije-2024-projekat-hrapp_2021_0294_2021_0036\\hr-app\\vendor\\laravel\\framework\\src\\Illuminate\\Database\\Migrations\\Migrator.php(250): Illuminate\\Database\\Migrations\\Migrator->write('Illuminate\\\\Cons...', '2025_06_10_1800...', Object(Closure))
#16 C:\\Users\\Dell\\Desktop\\prvi domaci HR Dejana\\internet-tehnologije-2024-projekat-hrapp_2021_0294_2021_0036\\hr-app\\vendor\\laravel\\framework\\src\\Illuminate\\Database\\Migrations\\Migrator.php(210): Illuminate\\Database\\Migrations\\Migrator->runUp('C:\\\\Users\\\\Dell\\\\D...', 1, false)
#17 C:\\Users\\Dell\\Desktop\\prvi domaci HR Dejana\\internet-tehnologije-2024-projekat-hrapp_2021_0294_2021_0036\\hr-app\\vendor\\laravel\\framework\\src\\Illuminate\\Database\\Migrations\\Migrator.php(137): Illuminate\\Database\\Migrations\\Migrator->runPending(Array, Array)
#18 C:\\Users\\Dell\\Desktop\\prvi domaci HR Dejana\\internet-tehnologije-2024-projekat-hrapp_2021_0294_2021_0036\\hr-app\\vendor\\laravel\\framework\\src\\Illuminate\\Database\\Console\\Migrations\\MigrateCommand.php(116): Illuminate\\Database\\Migrations\\Migrator->run(Array, Array)
#19 C:\\Users\\Dell\\Desktop\\prvi domaci HR Dejana\\internet-tehnologije-2024-projekat-hrapp_2021_0294_2021_0036\\hr-app\\vendor\\laravel\\framework\\src\\Illuminate\\Database\\Migrations\\Migrator.php(665): Illuminate\\Database\\Console\\Migrations\\MigrateCommand->Illuminate\\Database\\Console\\Migrations\\{closure}()
#20 C:\\Users\\Dell\\Desktop\\prvi domaci HR Dejana\\internet-tehnologije-2024-projekat-hrapp_2021_0294_2021_0036\\hr-app\\vendor\\laravel\\framework\\src\\Illuminate\\Database\\Console\\Migrations\\MigrateCommand.php(109): Illuminate\\Database\\Migrations\\Migrator->usingConnection(NULL, Object(Closure))
#21 C:\\Users\\Dell\\Desktop\\prvi domaci HR Dejana\\internet-tehnologije-2024-projekat-hrapp_2021_0294_2021_0036\\hr-app\\vendor\\laravel\\framework\\src\\Illuminate\\Database\\Console\\Migrations\\MigrateCommand.php(88): Illuminate\\Database\\Console\\Migrations\\MigrateCommand->runMigrations()
#22 C:\\Users\\Dell\\Desktop\\prvi domaci HR Dejana\\internet-tehnologije-2024-projekat-hrapp_2021_0294_2021_0036\\hr-app\\vendor\\laravel\\framework\\src\\Illuminate\\Container\\BoundMethod.php(36): Illuminate\\Database\\Console\\Migrations\\MigrateCommand->handle()
#23 C:\\Users\\Dell\\Desktop\\prvi domaci HR Dejana\\internet-tehnologije-2024-projekat-hrapp_2021_0294_2021_0036\\hr-app\\vendor\\laravel\\framework\\src\\Illuminate\\Container\\Util.php(43): Illuminate\\Container\\BoundMethod::Illuminate\\Container\\{closure}()
#24 C:\\Users\\Dell\\Desktop\\prvi domaci HR Dejana\\internet-tehnologije-2024-projekat-hrapp_2021_0294_2021_0036\\hr-app\\vendor\\laravel\\framework\\src\\Illuminate\\Container\\BoundMethod.php(96): Illuminate\\Container\\Util::unwrapIfClosure(Object(Closure))
#25 C:\\Users\\Dell\\Desktop\\prvi domaci HR Dejana\\internet-tehnologije-2024-projekat-hrapp_2021_0294_2021_0036\\hr-app\\vendor\\laravel\\framework\\src\\Illuminate\\Container\\BoundMethod.php(35): Illuminate\\Container\\BoundMethod::callBoundMethod(Object(Illuminate\\Foundation\\Application), Array, Object(Closure))
#26 C:\\Users\\Dell\\Desktop\\prvi domaci HR Dejana\\internet-tehnologije-2024-projekat-hrapp_2021_0294_2021_0036\\hr-app\\vendor\\laravel\\framework\\src\\Illuminate\\Container\\Container.php(754): Illuminate\\Container\\BoundMethod::call(Object(Illuminate\\Foundation\\Application), Array, Array, NULL)
#27 C:\\Users\\Dell\\Desktop\\prvi domaci HR Dejana\\internet-tehnologije-2024-projekat-hrapp_2021_0294_2021_0036\\hr-app\\vendor\\laravel\\framework\\src\\Illuminate\\Console\\Command.php(211): Illuminate\\Container\\Container->call(Array)
#28 C:\\Users\\Dell\\Desktop\\prvi domaci HR Dejana\\internet-tehnologije-2024-projekat-hrapp_2021_0294_2021_0036\\hr-app\\vendor\\symfony\\console\\Command\\Command.php(318): Illuminate\\Console\\Command->execute(Object(Symfony\\Component\\Console\\Input\\ArrayInput), Object(Illuminate\\Console\\OutputStyle))
#29 C:\\Users\\Dell\\Desktop\\prvi domaci HR Dejana\\internet-tehnologije-2024-projekat-hrapp_2021_0294_2021_0036\\hr-app\\vendor\\laravel\\framework\\src\\Illuminate\\Console\\Command.php(180): Symfony\\Component\\Console\\Command\\Command->run(Object(Symfony\\Component\\Console\\Input\\ArrayInput), Object(Illuminate\\Console\\OutputStyle))
#30 C:\\Users\\Dell\\Desktop\\prvi domaci HR Dejana\\internet-tehnologije-2024-projekat-hrapp_2021_0294_2021_0036\\hr-app\\vendor\\laravel\\framework\\src\\Illuminate\\Console\\Concerns\\CallsCommands.php(68): Illuminate\\Console\\Command->run(Object(Symfony\\Component\\Console\\Input\\ArrayInput), Object(Illuminate\\Console\\OutputStyle))
#31 C:\\Users\\Dell\\Desktop\\prvi domaci HR Dejana\\internet-tehnologije-2024-projekat-hrapp_2021_0294_2021_0036\\hr-app\\vendor\\laravel\\framework\\src\\Illuminate\\Console\\Concerns\\CallsCommands.php(29): Illuminate\\Console\\Command->runCommand('migrate', Array, Object(Illuminate\\Console\\OutputStyle))
#32 C:\\Users\\Dell\\Desktop\\prvi domaci HR Dejana\\internet-tehnologije-2024-projekat-hrapp_2021_0294_2021_0036\\hr-app\\vendor\\laravel\\framework\\src\\Illuminate\\Database\\Console\\Migrations\\FreshCommand.php(81): Illuminate\\Console\\Command->call('migrate', Array)
#33 C:\\Users\\Dell\\Desktop\\prvi domaci HR Dejana\\internet-tehnologije-2024-projekat-hrapp_2021_0294_2021_0036\\hr-app\\vendor\\laravel\\framework\\src\\Illuminate\\Container\\BoundMethod.php(36): Illuminate\\Database\\Console\\Migrations\\FreshCommand->handle()
#34 C:\\Users\\Dell\\Desktop\\prvi domaci HR Dejana\\internet-tehnologije-2024-projekat-hrapp_2021_0294_2021_0036\\hr-app\\vendor\\laravel\\framework\\src\\Illuminate\\Container\\Util.php(43): Illuminate\\Container\\BoundMethod::Illuminate\\Container\\{closure}()
#35 C:\\Users\\Dell\\Desktop\\prvi domaci HR Dejana\\internet-tehnologije-2024-projekat-hrapp_2021_0294_2021_0036\\hr-app\\vendor\\laravel\\framework\\src\\Illuminate\\Container\\BoundMethod.php(96): Illuminate\\Container\\Util::unwrapIfClosure(Object(Closure))
#36 C:\\Users\\Dell\\Desktop\\prvi domaci HR Dejana\\internet-tehnologije-2024-projekat-hrapp_2021_0294_2021_0036\\hr-app\\vendor\\laravel\\framework\\src\\Illuminate\\Container\\BoundMethod.php(35): Illuminate\\Container\\BoundMethod::callBoundMethod(Object(Illuminate\\Foundation\\Application), Array, Object(Closure))
#37 C:\\Users\\Dell\\Desktop\\prvi domaci HR Dejana\\internet-tehnologije-2024-projekat-hrapp_2021_0294_2021_0036\\hr-app\\vendor\\laravel\\framework\\src\\Illuminate\\Container\\Container.php(754): Illuminate\\Container\\BoundMethod::call(Object(Illuminate\\Foundation\\Application), Array, Array, NULL)
#38 C:\\Users\\Dell\\Desktop\\prvi domaci HR Dejana\\internet-tehnologije-2024-projekat-hrapp_2021_0294_2021_0036\\hr-app\\vendor\\laravel\\framework\\src\\Illuminate\\Console\\Command.php(211): Illuminate\\Container\\Container->call(Array)
#39 C:\\Users\\Dell\\Desktop\\prvi domaci HR Dejana\\internet-tehnologije-2024-projekat-hrapp_2021_0294_2021_0036\\hr-app\\vendor\\symfony\\console\\Command\\Command.php(318): Illuminate\\Console\\Command->execute(Object(Symfony\\Component\\Console\\Input\\ArgvInput), Object(Illuminate\\Console\\OutputStyle))
#40 C:\\Users\\Dell\\Desktop\\prvi domaci HR Dejana\\internet-tehnologije-2024-projekat-hrapp_2021_0294_2021_0036\\hr-app\\vendor\\laravel\\framework\\src\\Illuminate\\Console\\Command.php(180): Symfony\\Component\\Console\\Command\\Command->run(Object(Symfony\\Component\\Console\\Input\\ArgvInput), Object(Illuminate\\Console\\OutputStyle))
#41 C:\\Users\\Dell\\Desktop\\prvi domaci HR Dejana\\internet-tehnologije-2024-projekat-hrapp_2021_0294_2021_0036\\hr-app\\vendor\\symfony\\console\\Application.php(1092): Illuminate\\Console\\Command->run(Object(Symfony\\Component\\Console\\Input\\ArgvInput), Object(Symfony\\Component\\Console\\Output\\ConsoleOutput))
#42 C:\\Users\\Dell\\Desktop\\prvi domaci HR Dejana\\internet-tehnologije-2024-projekat-hrapp_2021_0294_2021_0036\\hr-app\\vendor\\symfony\\console\\Application.php(341): Symfony\\Component\\Console\\Application->doRunCommand(Object(Illuminate\\Database\\Console\\Migrations\\FreshCommand), Object(Symfony\\Component\\Console\\Input\\ArgvInput), Object(Symfony\\Component\\Console\\Output\\ConsoleOutput))
#43 C:\\Users\\Dell\\Desktop\\prvi domaci HR Dejana\\internet-tehnologije-2024-projekat-hrapp_2021_0294_2021_0036\\hr-app\\vendor\\symfony\\console\\Application.php(192): Symfony\\Component\\Console\\Application->doRun(Object(Symfony\\Component\\Console\\Input\\ArgvInput), Object(Symfony\\Component\\Console\\Output\\ConsoleOutput))
#44 C:\\Users\\Dell\\Desktop\\prvi domaci HR Dejana\\internet-tehnologije-2024-projekat-hrapp_2021_0294_2021_0036\\hr-app\\vendor\\laravel\\framework\\src\\Illuminate\\Foundation\\Console\\Kernel.php(197): Symfony\\Component\\Console\\Application->run(Object(Symfony\\Component\\Console\\Input\\ArgvInput), Object(Symfony\\Component\\Console\\Output\\ConsoleOutput))
#45 C:\\Users\\Dell\\Desktop\\prvi domaci HR Dejana\\internet-tehnologije-2024-projekat-hrapp_2021_0294_2021_0036\\hr-app\\vendor\\laravel\\framework\\src\\Illuminate\\Foundation\\Application.php(1234): Illuminate\\Foundation\\Console\\Kernel->handle(Object(Symfony\\Component\\Console\\Input\\ArgvInput), Object(Symfony\\Component\\Console\\Output\\ConsoleOutput))
#46 C:\\Users\\Dell\\Desktop\\prvi domaci HR Dejana\\internet-tehnologije-2024-projekat-hrapp_2021_0294_2021_0036\\hr-app\\artisan(16): Illuminate\\Foundation\\Application->handleCommand(Object(Symfony\\Component\\Console\\Input\\ArgvInput))
#47 {main}
"} 
